<?xml version="1.0" encoding="UTF-8"?>
<!-- Generated by org.testng.reporters.JUnitReportReporter -->
<testsuite name="com.webservicesproject.WsregisterUser" tests="1" time="0.648" ignored="0" failures="0" timestamp="23 Apr 2018 08:14:40 GMT" skipped="0" hostname="ICPL12782" errors="0">
  <testcase name="registeruser" time="0.648" classname="com.webservicesproject.WsregisterUser"/>
</testsuite> <!-- com.webservicesproject.WsregisterUser -->
