<?xml version="1.0" encoding="UTF-8"?>
<!-- Generated by org.testng.reporters.JUnitReportReporter -->
<testsuite name="com.qmetry.qaf.automation.step.client.Scenario" tests="2" time="2.899" ignored="0" failures="0" timestamp="23 Apr 2018 11:35:07 GMT" skipped="0" hostname="ICPL12782" errors="0">
  <testcase name="UpdateCartDetails" time="2.043" classname="com.qmetry.qaf.automation.step.client.Scenario"/>
  <testcase name="CreateUserAndOrder" time="0.856" classname="com.qmetry.qaf.automation.step.client.Scenario"/>
</testsuite> <!-- com.qmetry.qaf.automation.step.client.Scenario -->
