<?xml version="1.0" encoding="UTF-8"?>
<!-- Generated by org.testng.reporters.JUnitReportReporter -->
<testsuite name="com.qmetry.qaf.automation.step.client.Scenario" tests="2" time="3.174" ignored="0" failures="0" timestamp="25 Apr 2018 10:13:07 GMT" skipped="0" hostname="ICPL12782" errors="0">
  <testcase name="UpdateCartDetails" time="1.234" classname="com.qmetry.qaf.automation.step.client.Scenario"/>
  <testcase name="CreateUserAndOrder" time="1.940" classname="com.qmetry.qaf.automation.step.client.Scenario"/>
</testsuite> <!-- com.qmetry.qaf.automation.step.client.Scenario -->
